TN:
SF:/home/christopher/Documents/programmation/projet/yahtzee/src/polyfills.ts
FNF:0
FNH:0
LF:0
LH:0
BRF:0
BRH:0
end_of_record
TN:
SF:/home/christopher/Documents/programmation/projet/yahtzee/src/test.ts
FNF:0
FNH:0
DA:18,1
DA:23,1
DA:25,1
LF:3
LH:3
BRF:0
BRH:0
end_of_record
TN:
SF:/home/christopher/Documents/programmation/projet/yahtzee/src/app/app.component.ts
FN:8,(anonymous_0)
FNF:1
FNH:1
FNDA:1,(anonymous_0)
DA:8,1
DA:9,1
LF:2
LH:2
BRF:0
BRH:0
end_of_record
TN:
SF:/home/christopher/Documents/programmation/projet/yahtzee/src/app/global/header/header.component.ts
FN:10,(anonymous_0)
FN:12,(anonymous_1)
FNF:2
FNH:2
FNDA:1,(anonymous_0)
FNDA:1,(anonymous_1)
DA:8,1
LF:1
LH:1
BRF:0
BRH:0
end_of_record
TN:
SF:/home/christopher/Documents/programmation/projet/yahtzee/src/app/models/constants.ts
FN:1,(anonymous_0)
FNF:1
FNH:1
FNDA:1,(anonymous_0)
DA:1,1
DA:2,1
DA:3,1
DA:4,1
DA:5,1
DA:6,1
LF:6
LH:6
BRDA:1,0,0,1
BRDA:1,0,1,1
BRF:2
BRH:2
end_of_record
TN:
SF:/home/christopher/Documents/programmation/projet/yahtzee/src/app/models/dice.ts
FN:5,(anonymous_0)
FNF:1
FNH:1
FNDA:10,(anonymous_0)
DA:6,10
DA:7,10
LF:2
LH:2
BRF:0
BRH:0
end_of_record
TN:
SF:/home/christopher/Documents/programmation/projet/yahtzee/src/app/models/figure.ts
FN:6,(anonymous_0)
FNF:1
FNH:1
FNDA:273,(anonymous_0)
DA:7,273
DA:8,273
DA:9,273
LF:3
LH:3
BRF:0
BRH:0
end_of_record
TN:
SF:/home/christopher/Documents/programmation/projet/yahtzee/src/app/models/game.ts
FN:11,(anonymous_0)
FN:18,(anonymous_1)
FNF:2
FNH:2
FNDA:2,(anonymous_0)
FNDA:2,(anonymous_1)
DA:12,2
DA:13,2
DA:14,2
DA:15,2
DA:19,2
DA:20,2
DA:21,10
LF:7
LH:7
BRF:0
BRH:0
end_of_record
TN:
SF:/home/christopher/Documents/programmation/projet/yahtzee/src/app/models/player.ts
FN:8,(anonymous_0)
FNF:1
FNH:1
FNDA:7,(anonymous_0)
DA:9,7
DA:10,7
DA:11,7
LF:3
LH:3
BRF:0
BRH:0
end_of_record
TN:
SF:/home/christopher/Documents/programmation/projet/yahtzee/src/app/models/score.ts
FN:10,(anonymous_0)
FN:18,(anonymous_1)
FN:35,(anonymous_2)
FN:37,(anonymous_3)
FN:43,(anonymous_4)
FN:45,(anonymous_5)
FNF:6
FNH:6
FNDA:7,(anonymous_0)
FNDA:7,(anonymous_1)
FNDA:2,(anonymous_2)
FNDA:12,(anonymous_3)
FNDA:2,(anonymous_4)
FNDA:14,(anonymous_5)
DA:11,7
DA:12,7
DA:13,7
DA:14,7
DA:15,7
DA:19,7
DA:20,7
DA:21,7
DA:22,7
DA:23,7
DA:24,7
DA:26,7
DA:27,7
DA:28,7
DA:29,7
DA:30,7
DA:31,7
DA:32,7
DA:36,2
DA:37,2
DA:38,12
DA:40,2
DA:44,2
DA:45,2
DA:46,14
DA:48,2
LF:26
LH:26
BRDA:40,0,0,0
BRDA:40,0,1,2
BRF:2
BRH:1
end_of_record
TN:
SF:/home/christopher/Documents/programmation/projet/yahtzee/src/app/pages/game/game.component.ts
FN:25,(anonymous_0)
FN:28,(anonymous_1)
FN:35,(anonymous_2)
FN:43,(anonymous_3)
FN:47,(anonymous_4)
FN:51,(anonymous_5)
FN:55,(anonymous_6)
FN:59,(anonymous_7)
FN:64,(anonymous_8)
FN:69,(anonymous_9)
FN:71,(anonymous_10)
FN:75,(anonymous_11)
FN:77,(anonymous_12)
FN:81,(anonymous_13)
FN:83,(anonymous_14)
FN:86,(anonymous_15)
FN:90,(anonymous_16)
FN:94,(anonymous_17)
FN:95,(anonymous_18)
FN:102,(anonymous_19)
FN:108,(anonymous_20)
FN:112,(anonymous_21)
FN:116,(anonymous_22)
FN:120,(anonymous_23)
FNF:24
FNH:24
FNDA:11,(anonymous_0)
FNDA:11,(anonymous_1)
FNDA:3,(anonymous_2)
FNDA:22,(anonymous_3)
FNDA:1,(anonymous_4)
FNDA:1,(anonymous_5)
FNDA:1,(anonymous_6)
FNDA:1,(anonymous_7)
FNDA:1,(anonymous_8)
FNDA:15,(anonymous_9)
FNDA:90,(anonymous_10)
FNDA:15,(anonymous_11)
FNDA:105,(anonymous_12)
FNDA:14,(anonymous_13)
FNDA:84,(anonymous_14)
FNDA:98,(anonymous_15)
FNDA:44,(anonymous_16)
FNDA:1,(anonymous_17)
FNDA:5,(anonymous_18)
FNDA:5,(anonymous_19)
FNDA:44,(anonymous_20)
FNDA:2,(anonymous_21)
FNDA:1,(anonymous_22)
FNDA:24,(anonymous_23)
DA:16,1
DA:20,11
DA:21,11
DA:25,11
DA:26,11
DA:29,11
DA:30,11
DA:31,11
DA:32,11
DA:33,11
DA:35,11
DA:36,3
DA:37,3
DA:38,3
DA:39,3
DA:44,22
DA:48,1
DA:52,1
DA:56,1
DA:60,1
DA:61,1
DA:65,1
DA:66,1
DA:70,15
DA:71,90
DA:72,15
DA:76,15
DA:77,105
DA:78,15
DA:82,14
DA:83,84
DA:85,14
DA:86,98
DA:91,44
DA:95,1
DA:96,5
DA:97,5
DA:99,1
DA:103,5
DA:104,5
DA:105,5
DA:109,44
DA:113,2
DA:117,1
DA:121,24
LF:45
LH:45
BRDA:96,0,0,5
BRDA:96,0,1,0
BRF:2
BRH:1
end_of_record
TN:
SF:/home/christopher/Documents/programmation/projet/yahtzee/src/app/pages/home/home.component.ts
FN:18,(anonymous_0)
FN:22,(anonymous_1)
FN:30,(anonymous_2)
FN:45,(anonymous_3)
FN:49,(anonymous_4)
FNF:5
FNH:5
FNDA:4,(anonymous_0)
FNDA:4,(anonymous_1)
FNDA:4,(anonymous_2)
FNDA:3,(anonymous_3)
FNDA:1,(anonymous_4)
DA:13,1
DA:18,4
DA:19,4
DA:20,4
DA:23,4
DA:25,4
DA:30,4
DA:31,4
DA:32,3
DA:33,1
DA:35,2
DA:36,2
DA:37,2
DA:39,2
DA:46,3
DA:50,1
DA:51,1
DA:52,1
LF:18
LH:18
BRDA:31,0,0,3
BRDA:31,0,1,1
BRDA:32,1,0,1
BRDA:32,1,1,2
BRDA:46,2,0,1
BRDA:46,2,1,2
BRDA:46,3,0,3
BRDA:46,3,1,3
BRDA:46,4,0,0
BRDA:46,4,1,3
BRDA:46,5,0,3
BRDA:46,5,1,3
BRF:12
BRH:11
end_of_record
TN:
SF:/home/christopher/Documents/programmation/projet/yahtzee/src/app/services/game.guard.ts
FN:11,(anonymous_0)
FN:14,(anonymous_1)
FNF:2
FNH:1
FNDA:1,(anonymous_0)
FNDA:0,(anonymous_1)
DA:9,1
DA:11,1
DA:12,1
DA:18,0
DA:19,0
DA:21,0
DA:22,0
LF:7
LH:3
BRDA:18,0,0,0
BRDA:18,0,1,0
BRDA:18,1,0,0
BRDA:18,1,1,0
BRF:4
BRH:0
end_of_record
TN:
SF:/home/christopher/Documents/programmation/projet/yahtzee/src/app/services/game.service.ts
FN:16,(anonymous_0)
FN:18,(anonymous_1)
FN:22,(anonymous_2)
FN:26,(anonymous_3)
FN:30,(anonymous_4)
FN:42,(anonymous_5)
FN:43,(anonymous_6)
FN:46,(anonymous_7)
FN:50,(anonymous_8)
FN:54,(anonymous_9)
FN:58,(anonymous_10)
FN:62,(anonymous_11)
FN:63,(anonymous_12)
FN:70,(anonymous_13)
FN:71,(anonymous_14)
FN:78,(anonymous_15)
FN:83,(anonymous_16)
FN:87,(anonymous_17)
FNF:18
FNH:17
FNDA:17,(anonymous_0)
FNDA:0,(anonymous_1)
FNDA:12,(anonymous_2)
FNDA:22,(anonymous_3)
FNDA:2,(anonymous_4)
FNDA:2,(anonymous_5)
FNDA:10,(anonymous_6)
FNDA:44,(anonymous_7)
FNDA:5,(anonymous_8)
FNDA:15,(anonymous_9)
FNDA:15,(anonymous_10)
FNDA:1,(anonymous_11)
FNDA:6,(anonymous_12)
FNDA:1,(anonymous_13)
FNDA:7,(anonymous_14)
FNDA:2,(anonymous_15)
FNDA:11,(anonymous_16)
FNDA:44,(anonymous_17)
DA:11,1
DA:14,17
DA:19,0
DA:23,12
DA:27,22
DA:31,2
DA:32,2
DA:33,2
DA:34,1
DA:35,1
DA:37,1
DA:39,2
DA:43,10
DA:47,44
DA:51,5
DA:55,15
DA:59,15
DA:63,6
DA:64,1
DA:65,1
DA:66,1
DA:67,1
DA:71,7
DA:72,1
DA:73,1
DA:74,1
DA:75,1
DA:79,2
DA:80,2
DA:84,11
DA:88,44
LF:31
LH:30
BRDA:33,0,0,1
BRDA:33,0,1,1
BRF:2
BRH:2
end_of_record
